# JRE version: Java(TM) SE Runtime Environment (8.0_25-b17) (build 1.8.0_25-b17)
# Java VM: Java HotSpot(TM) 64-Bit Server VM (25.25-b02 mixed mode linux-amd64 compressed oops)
Heap:
 PSYoungGen      total 205824K, used 19439K [0x00000000eab00000, 0x00000000f8d00000, 0x0000000100000000)
  eden space 186368K, 0% used [0x00000000eab00000,0x00000000eab00000,0x00000000f6100000)
  from space 19456K, 99% used [0x00000000f6100000,0x00000000f73fbdc8,0x00000000f7400000)
  to   space 13312K, 0% used [0x00000000f7400000,0x00000000f7400000,0x00000000f8100000)
 ParOldGen       total 62976K, used 62153K [0x00000000c0000000, 0x00000000c3d80000, 0x00000000eab00000)
  object space 62976K, 98% used [0x00000000c0000000,0x00000000c3cb2678,0x00000000c3d80000)
 Metaspace       used 7986K, capacity 8298K, committed 8576K, reserved 1056768K
  class space    used 756K, capacity 789K, committed 896K, reserved 1048576K
GC Heap History (10 events):
Event: 4.241 GC heap after
Heap after GC invocations=4 (full 0):
 PSYoungGen      total 51712K, used 3574K [0x00000000eab00000, 0x00000000ee100000, 0x0000000100000000)
  eden space 48128K, 0% used [0x00000000eab00000,0x00000000eab00000,0x00000000eda00000)
  from space 3584K, 99% used [0x00000000edd80000,0x00000000ee0fda98,0x00000000ee100000)
  to   space 3584K, 0% used [0x00000000eda00000,0x00000000eda00000,0x00000000edd80000)
 ParOldGen       total 62976K, used 13934K [0x00000000c0000000, 0x00000000c3d80000, 0x00000000eab00000)
  object space 62976K, 22% used [0x00000000c0000000,0x00000000c0d9b930,0x00000000c3d80000)
 Metaspace       used 5782K, capacity 7088K, committed 7296K, reserved 1056768K
  class space    used 547K, capacity 616K, committed 640K, reserved 1048576K
}
Event: 5.897 GC heap before
{Heap before GC invocations=5 (full 0):
 PSYoungGen      total 51712K, used 50950K [0x00000000eab00000, 0x00000000ee100000, 0x0000000100000000)
  eden space 48128K, 98% used [0x00000000eab00000,0x00000000ed943ed8,0x00000000eda00000)
  from space 3584K, 99% used [0x00000000edd80000,0x00000000ee0fda98,0x00000000ee100000)
  to   space 3584K, 0% used [0x00000000eda00000,0x00000000eda00000,0x00000000edd80000)
 ParOldGen       total 62976K, used 13934K [0x00000000c0000000, 0x00000000c3d80000, 0x00000000eab00000)
  object space 62976K, 22% used [0x00000000c0000000,0x00000000c0d9b930,0x00000000c3d80000)
 Metaspace       used 7831K, capacity 8228K, committed 8576K, reserved 1056768K
  class space    used 747K, capacity 788K, committed 896K, reserved 1048576K
Event: 5.925 GC heap after
Heap after GC invocations=5 (full 0):
 PSYoungGen      total 51712K, used 3579K [0x00000000eab00000, 0x00000000f2300000, 0x0000000100000000)
  eden space 48128K, 0% used [0x00000000eab00000,0x00000000eab00000,0x00000000eda00000)
  from space 3584K, 99% used [0x00000000eda00000,0x00000000edd7ec58,0x00000000edd80000)
  to   space 13312K, 0% used [0x00000000f1600000,0x00000000f1600000,0x00000000f2300000)
 ParOldGen       total 62976K, used 23186K [0x00000000c0000000, 0x00000000c3d80000, 0x00000000eab00000)
  object space 62976K, 36% used [0x00000000c0000000,0x00000000c16a49e0,0x00000000c3d80000)
 Metaspace       used 7831K, capacity 8228K, committed 8576K, reserved 1056768K
  class space    used 747K, capacity 788K, committed 896K, reserved 1048576K
}
Event: 6.291 GC heap before
{Heap before GC invocations=6 (full 0):
 PSYoungGen      total 51712K, used 49909K [0x00000000eab00000, 0x00000000f2300000, 0x0000000100000000)
  eden space 48128K, 96% used [0x00000000eab00000,0x00000000ed83e870,0x00000000eda00000)
  from space 3584K, 99% used [0x00000000eda00000,0x00000000edd7ec58,0x00000000edd80000)
  to   space 13312K, 0% used [0x00000000f1600000,0x00000000f1600000,0x00000000f2300000)
 ParOldGen       total 62976K, used 23186K [0x00000000c0000000, 0x00000000c3d80000, 0x00000000eab00000)
  object space 62976K, 36% used [0x00000000c0000000,0x00000000c16a49e0,0x00000000c3d80000)
 Metaspace       used 7868K, capacity 8292K, committed 8576K, reserved 1056768K
  class space    used 748K, capacity 788K, committed 896K, reserved 1048576K
Event: 6.326 GC heap after
Heap after GC invocations=6 (full 0):
 PSYoungGen      total 109568K, used 5129K [0x00000000eab00000, 0x00000000f2300000, 0x0000000100000000)
  eden space 96256K, 0% used [0x00000000eab00000,0x00000000eab00000,0x00000000f0900000)
  from space 13312K, 38% used [0x00000000f1600000,0x00000000f1b02780,0x00000000f2300000)
  to   space 13312K, 0% used [0x00000000f0900000,0x00000000f0900000,0x00000000f1600000)
 ParOldGen       total 62976K, used 23194K [0x00000000c0000000, 0x00000000c3d80000, 0x00000000eab00000)
  object space 62976K, 36% used [0x00000000c0000000,0x00000000c16a69e0,0x00000000c3d80000)
 Metaspace       used 7868K, capacity 8292K, committed 8576K, reserved 1056768K
  class space    used 748K, capacity 788K, committed 896K, reserved 1048576K
}
Event: 7.129 GC heap before
{Heap before GC invocations=7 (full 0):
 PSYoungGen      total 109568K, used 101385K [0x00000000eab00000, 0x00000000f2300000, 0x0000000100000000)
  eden space 96256K, 100% used [0x00000000eab00000,0x00000000f0900000,0x00000000f0900000)
  from space 13312K, 38% used [0x00000000f1600000,0x00000000f1b02780,0x00000000f2300000)
  to   space 13312K, 0% used [0x00000000f0900000,0x00000000f0900000,0x00000000f1600000)
 ParOldGen       total 62976K, used 23194K [0x00000000c0000000, 0x00000000c3d80000, 0x00000000eab00000)
  object space 62976K, 36% used [0x00000000c0000000,0x00000000c16a69e0,0x00000000c3d80000)
 Metaspace       used 7894K, capacity 8292K, committed 8576K, reserved 1056768K
  class space    used 748K, capacity 788K, committed 896K, reserved 1048576K
Event: 7.180 GC heap after
Heap after GC invocations=7 (full 0):
 PSYoungGen      total 109568K, used 9791K [0x00000000eab00000, 0x00000000f8100000, 0x0000000100000000)
  eden space 96256K, 0% used [0x00000000eab00000,0x00000000eab00000,0x00000000f0900000)
  from space 13312K, 73% used [0x00000000f0900000,0x00000000f128ff40,0x00000000f1600000)
  to   space 13312K, 0% used [0x00000000f7400000,0x00000000f7400000,0x00000000f8100000)
 ParOldGen       total 62976K, used 24379K [0x00000000c0000000, 0x00000000c3d80000, 0x00000000eab00000)
  object space 62976K, 38% used [0x00000000c0000000,0x00000000c17cef30,0x00000000c3d80000)
 Metaspace       used 7894K, capacity 8292K, committed 8576K, reserved 1056768K
  class space    used 748K, capacity 788K, committed 896K, reserved 1048576K
}
Event: 7.599 GC heap before
{Heap before GC invocations=8 (full 0):
 PSYoungGen      total 109568K, used 106047K [0x00000000eab00000, 0x00000000f8100000, 0x0000000100000000)
  eden space 96256K, 100% used [0x00000000eab00000,0x00000000f0900000,0x00000000f0900000)
  from space 13312K, 73% used [0x00000000f0900000,0x00000000f128ff40,0x00000000f1600000)
  to   space 13312K, 0% used [0x00000000f7400000,0x00000000f7400000,0x00000000f8100000)
 ParOldGen       total 62976K, used 24379K [0x00000000c0000000, 0x00000000c3d80000, 0x00000000eab00000)
  object space 62976K, 38% used [0x00000000c0000000,0x00000000c17cef30,0x00000000c3d80000)
 Metaspace       used 7903K, capacity 8292K, committed 8576K, reserved 1056768K
  class space    used 748K, capacity 788K, committed 896K, reserved 1048576K
Event: 7.625 GC heap after
Heap after GC invocations=8 (full 0):
 PSYoungGen      total 199680K, used 13310K [0x00000000eab00000, 0x00000000f8d00000, 0x0000000100000000)
  eden space 186368K, 0% used [0x00000000eab00000,0x00000000eab00000,0x00000000f6100000)
  from space 13312K, 99% used [0x00000000f7400000,0x00000000f80ffb20,0x00000000f8100000)
  to   space 19456K, 0% used [0x00000000f6100000,0x00000000f6100000,0x00000000f7400000)
 ParOldGen       total 62976K, used 33919K [0x00000000c0000000, 0x00000000c3d80000, 0x00000000eab00000)
  object space 62976K, 53% used [0x00000000c0000000,0x00000000c211fd80,0x00000000c3d80000)
 Metaspace       used 7903K, capacity 8292K, committed 8576K, reserved 1056768K
  class space    used 748K, capacity 788K, committed 896K, reserved 1048576K
}
Event: 8.435 GC heap before
{Heap before GC invocations=9 (full 0):
 PSYoungGen      total 199680K, used 199678K [0x00000000eab00000, 0x00000000f8d00000, 0x0000000100000000)
  eden space 186368K, 100% used [0x00000000eab00000,0x00000000f6100000,0x00000000f6100000)
  from space 13312K, 99% used [0x00000000f7400000,0x00000000f80ffb20,0x00000000f8100000)
  to   space 19456K, 0% used [0x00000000f6100000,0x00000000f6100000,0x00000000f7400000)
 ParOldGen       total 62976K, used 33919K [0x00000000c0000000, 0x00000000c3d80000, 0x00000000eab00000)
  object space 62976K, 53% used [0x00000000c0000000,0x00000000c211fd80,0x00000000c3d80000)
 Metaspace       used 7986K, capacity 8298K, committed 8576K, reserved 1056768K
  class space    used 756K, capacity 789K, committed 896K, reserved 1048576K

