# JRE version: Java(TM) SE Runtime Environment (8.0_25-b17) (build 1.8.0_25-b17)
# Java VM: Java HotSpot(TM) 64-Bit Server VM (25.25-b02 mixed mode linux-amd64 compressed oops)
Heap:
 PSYoungGen      total 108544K, used 12193K [0x00000000eab00000, 0x00000000f2100000, 0x0000000100000000)
  eden space 96256K, 0% used [0x00000000eab00000,0x00000000eab00000,0x00000000f0900000)
  from space 12288K, 99% used [0x00000000f0900000,0x00000000f14e8658,0x00000000f1500000)
  to   space 11776K, 0% used [0x00000000f1580000,0x00000000f1580000,0x00000000f2100000)
 ParOldGen       total 62976K, used 35486K [0x00000000c0000000, 0x00000000c3d80000, 0x00000000eab00000)
  object space 62976K, 56% used [0x00000000c0000000,0x00000000c22a7a10,0x00000000c3d80000)
 Metaspace       used 7904K, capacity 8292K, committed 8576K, reserved 1056768K
  class space    used 748K, capacity 788K, committed 896K, reserved 1048576K
GC Heap History (10 events):
Event: 4.106 GC heap after
Heap after GC invocations=2 (full 0):
 PSYoungGen      total 27648K, used 3563K [0x00000000eab00000, 0x00000000ee100000, 0x0000000100000000)
  eden space 24064K, 0% used [0x00000000eab00000,0x00000000eab00000,0x00000000ec280000)
  from space 3584K, 99% used [0x00000000ec600000,0x00000000ec97ac68,0x00000000ec980000)
  to   space 3584K, 0% used [0x00000000ec280000,0x00000000ec280000,0x00000000ec600000)
 ParOldGen       total 62976K, used 5492K [0x00000000c0000000, 0x00000000c3d80000, 0x00000000eab00000)
  object space 62976K, 8% used [0x00000000c0000000,0x00000000c055d040,0x00000000c3d80000)
 Metaspace       used 5682K, capacity 6960K, committed 7040K, reserved 1056768K
  class space    used 546K, capacity 616K, committed 640K, reserved 1048576K
}
Event: 4.672 GC heap before
{Heap before GC invocations=3 (full 0):
 PSYoungGen      total 27648K, used 27627K [0x00000000eab00000, 0x00000000ee100000, 0x0000000100000000)
  eden space 24064K, 100% used [0x00000000eab00000,0x00000000ec280000,0x00000000ec280000)
  from space 3584K, 99% used [0x00000000ec600000,0x00000000ec97ac68,0x00000000ec980000)
  to   space 3584K, 0% used [0x00000000ec280000,0x00000000ec280000,0x00000000ec600000)
 ParOldGen       total 62976K, used 5492K [0x00000000c0000000, 0x00000000c3d80000, 0x00000000eab00000)
  object space 62976K, 8% used [0x00000000c0000000,0x00000000c055d040,0x00000000c3d80000)
 Metaspace       used 5756K, capacity 7024K, committed 7296K, reserved 1056768K
  class space    used 546K, capacity 616K, committed 640K, reserved 1048576K
Event: 4.703 GC heap after
Heap after GC invocations=3 (full 0):
 PSYoungGen      total 27648K, used 3556K [0x00000000eab00000, 0x00000000ee100000, 0x0000000100000000)
  eden space 24064K, 0% used [0x00000000eab00000,0x00000000eab00000,0x00000000ec280000)
  from space 3584K, 99% used [0x00000000ec280000,0x00000000ec5f91b0,0x00000000ec600000)
  to   space 3584K, 0% used [0x00000000edd80000,0x00000000edd80000,0x00000000ee100000)
 ParOldGen       total 62976K, used 9364K [0x00000000c0000000, 0x00000000c3d80000, 0x00000000eab00000)
  object space 62976K, 14% used [0x00000000c0000000,0x00000000c09250c0,0x00000000c3d80000)
 Metaspace       used 5756K, capacity 7024K, committed 7296K, reserved 1056768K
  class space    used 546K, capacity 616K, committed 640K, reserved 1048576K
}
Event: 5.087 GC heap before
{Heap before GC invocations=4 (full 0):
 PSYoungGen      total 27648K, used 27577K [0x00000000eab00000, 0x00000000ee100000, 0x0000000100000000)
  eden space 24064K, 99% used [0x00000000eab00000,0x00000000ec275580,0x00000000ec280000)
  from space 3584K, 99% used [0x00000000ec280000,0x00000000ec5f91b0,0x00000000ec600000)
  to   space 3584K, 0% used [0x00000000edd80000,0x00000000edd80000,0x00000000ee100000)
 ParOldGen       total 62976K, used 9364K [0x00000000c0000000, 0x00000000c3d80000, 0x00000000eab00000)
  object space 62976K, 14% used [0x00000000c0000000,0x00000000c09250c0,0x00000000c3d80000)
 Metaspace       used 5803K, capacity 7088K, committed 7296K, reserved 1056768K
  class space    used 547K, capacity 616K, committed 640K, reserved 1048576K
Event: 5.130 GC heap after
Heap after GC invocations=4 (full 0):
 PSYoungGen      total 51712K, used 3583K [0x00000000eab00000, 0x00000000ee100000, 0x0000000100000000)
  eden space 48128K, 0% used [0x00000000eab00000,0x00000000eab00000,0x00000000eda00000)
  from space 3584K, 99% used [0x00000000edd80000,0x00000000ee0ffdd0,0x00000000ee100000)
  to   space 3584K, 0% used [0x00000000eda00000,0x00000000eda00000,0x00000000edd80000)
 ParOldGen       total 62976K, used 14050K [0x00000000c0000000, 0x00000000c3d80000, 0x00000000eab00000)
  object space 62976K, 22% used [0x00000000c0000000,0x00000000c0db8bf0,0x00000000c3d80000)
 Metaspace       used 5803K, capacity 7088K, committed 7296K, reserved 1056768K
  class space    used 547K, capacity 616K, committed 640K, reserved 1048576K
}
Event: 6.882 GC heap before
{Heap before GC invocations=5 (full 0):
 PSYoungGen      total 51712K, used 51604K [0x00000000eab00000, 0x00000000ee100000, 0x0000000100000000)
  eden space 48128K, 99% used [0x00000000eab00000,0x00000000ed9e5318,0x00000000eda00000)
  from space 3584K, 99% used [0x00000000edd80000,0x00000000ee0ffdd0,0x00000000ee100000)
  to   space 3584K, 0% used [0x00000000eda00000,0x00000000eda00000,0x00000000edd80000)
 ParOldGen       total 62976K, used 14050K [0x00000000c0000000, 0x00000000c3d80000, 0x00000000eab00000)
  object space 62976K, 22% used [0x00000000c0000000,0x00000000c0db8bf0,0x00000000c3d80000)
 Metaspace       used 7841K, capacity 8228K, committed 8576K, reserved 1056768K
  class space    used 747K, capacity 788K, committed 896K, reserved 1048576K
Event: 6.918 GC heap after
Heap after GC invocations=5 (full 0):
 PSYoungGen      total 51712K, used 3556K [0x00000000eab00000, 0x00000000f2200000, 0x0000000100000000)
  eden space 48128K, 0% used [0x00000000eab00000,0x00000000eab00000,0x00000000eda00000)
  from space 3584K, 99% used [0x00000000eda00000,0x00000000edd791a0,0x00000000edd80000)
  to   space 12800K, 0% used [0x00000000f1580000,0x00000000f1580000,0x00000000f2200000)
 ParOldGen       total 62976K, used 22842K [0x00000000c0000000, 0x00000000c3d80000, 0x00000000eab00000)
  object space 62976K, 36% used [0x00000000c0000000,0x00000000c164ea10,0x00000000c3d80000)
 Metaspace       used 7841K, capacity 8228K, committed 8576K, reserved 1056768K
  class space    used 747K, capacity 788K, committed 896K, reserved 1048576K
}
Event: 7.361 GC heap before
{Heap before GC invocations=6 (full 0):
 PSYoungGen      total 51712K, used 50933K [0x00000000eab00000, 0x00000000f2200000, 0x0000000100000000)
  eden space 48128K, 98% used [0x00000000eab00000,0x00000000ed944610,0x00000000eda00000)
  from space 3584K, 99% used [0x00000000eda00000,0x00000000edd791a0,0x00000000edd80000)
  to   space 12800K, 0% used [0x00000000f1580000,0x00000000f1580000,0x00000000f2200000)
 ParOldGen       total 62976K, used 22842K [0x00000000c0000000, 0x00000000c3d80000, 0x00000000eab00000)
  object space 62976K, 36% used [0x00000000c0000000,0x00000000c164ea10,0x00000000c3d80000)
 Metaspace       used 7884K, capacity 8228K, committed 8576K, reserved 1056768K
  class space    used 747K, capacity 788K, committed 896K, reserved 1048576K
Event: 7.395 GC heap after
Heap after GC invocations=6 (full 0):
 PSYoungGen      total 108032K, used 6594K [0x00000000eab00000, 0x00000000f2100000, 0x0000000100000000)
  eden space 96256K, 0% used [0x00000000eab00000,0x00000000eab00000,0x00000000f0900000)
  from space 11776K, 56% used [0x00000000f1580000,0x00000000f1bf0af0,0x00000000f2100000)
  to   space 12288K, 0% used [0x00000000f0900000,0x00000000f0900000,0x00000000f1500000)
 ParOldGen       total 62976K, used 22842K [0x00000000c0000000, 0x00000000c3d80000, 0x00000000eab00000)
  object space 62976K, 36% used [0x00000000c0000000,0x00000000c164ea10,0x00000000c3d80000)
 Metaspace       used 7884K, capacity 8228K, committed 8576K, reserved 1056768K
  class space    used 747K, capacity 788K, committed 896K, reserved 1048576K
}
Event: 8.012 GC heap before
{Heap before GC invocations=7 (full 0):
 PSYoungGen      total 108032K, used 102850K [0x00000000eab00000, 0x00000000f2100000, 0x0000000100000000)
  eden space 96256K, 100% used [0x00000000eab00000,0x00000000f0900000,0x00000000f0900000)
  from space 11776K, 56% used [0x00000000f1580000,0x00000000f1bf0af0,0x00000000f2100000)
  to   space 12288K, 0% used [0x00000000f0900000,0x00000000f0900000,0x00000000f1500000)
 ParOldGen       total 62976K, used 22842K [0x00000000c0000000, 0x00000000c3d80000, 0x00000000eab00000)
  object space 62976K, 36% used [0x00000000c0000000,0x00000000c164ea10,0x00000000c3d80000)
 Metaspace       used 7904K, capacity 8292K, committed 8576K, reserved 1056768K
  class space    used 748K, capacity 788K, committed 896K, reserved 1048576K

